10:59:55.942 [RMI TCP Connection(2)-127.0.0.1] INFO  controllers.StudentController -- Initializing Student Controller with call init method 
10:59:58.415 [RMI TCP Connection(4)-127.0.0.1] INFO  controllers.StudentController -- Initializing Student Controller with call init method 
11:01:40.389 [RMI TCP Connection(3)-127.0.0.1] INFO  controllers.StudentController -- Initializing Student Controller with call init method 
11:01:42.592 [RMI TCP Connection(4)-127.0.0.1] INFO  controllers.StudentController -- Initializing Student Controller with call init method 
20:47:27.822 [http-nio-8080-exec-1] INFO  controllers.StudentController -- Initializing Student Controller with call init method 
20:51:54.007 [http-nio-8080-exec-1] INFO  controllers.StudentController -- Initializing Student Controller with call init method 
20:59:09.573 [http-nio-8080-exec-2] INFO  controllers.CustomerController -- Initializing Student Controller with call init method 
20:59:09.593 [http-nio-8080-exec-2] ERROR controllers.CustomerController -- init failed with
21:02:31.499 [http-nio-8080-exec-1] INFO  controllers.CustomerController -- Initializing Student Controller with call init method 
12:08:12.542 [http-nio-8080-exec-1] INFO  controllers.CustomerController -- Initializing Student Controller with call init method 
17:33:12.621 [http-nio-8080-exec-1] INFO  controllers.CustomerController -- Initializing Student Controller with call init method 
18:05:23.706 [http-nio-8080-exec-1] INFO  controllers.CustomerController -- Initializing Student Controller with call init method 
18:10:02.083 [http-nio-8080-exec-1] INFO  controllers.CustomerController -- Initializing Student Controller with call init method 
18:19:12.612 [http-nio-8080-exec-1] INFO  controllers.CustomerController -- Initializing Student Controller with call init method 
18:25:49.824 [http-nio-8080-exec-1] INFO  controllers.CustomerController -- Initializing Student Controller with call init method 
18:38:34.227 [http-nio-8080-exec-1] INFO  controllers.CustomerController -- Initializing Student Controller with call init method 
18:40:01.665 [http-nio-8080-exec-1] INFO  controllers.CustomerController -- Initializing Student Controller with call init method 
18:43:07.340 [http-nio-8080-exec-1] INFO  controllers.CustomerController -- Initializing Student Controller with call init method 
18:44:49.825 [http-nio-8080-exec-1] INFO  controllers.CustomerController -- Initializing Student Controller with call init method 
18:51:30.319 [http-nio-8080-exec-2] INFO  controllers.CustomerController -- Initializing Student Controller with call init method 
18:58:27.116 [http-nio-8080-exec-1] INFO  controllers.CustomerController -- Initializing Student Controller with call init method 
19:04:18.145 [http-nio-8080-exec-1] INFO  controllers.CustomerController -- Initializing Student Controller with call init method 
19:08:56.147 [http-nio-8080-exec-1] INFO  controllers.CustomerController -- Initializing Student Controller with call init method 
21:08:30.751 [http-nio-8080-exec-1] INFO  controllers.CustomerController -- Initializing Student Controller with call init method 
21:15:10.718 [http-nio-8080-exec-1] INFO  controllers.CustomerController -- Initializing Student Controller with call init method 
21:47:24.547 [http-nio-8080-exec-1] INFO  controllers.CustomerController -- Initializing Student Controller with call init method 
22:06:41.931 [http-nio-8080-exec-1] INFO  controllers.CustomerController -- Initializing Student Controller with call init method 
22:09:09.282 [http-nio-8080-exec-1] INFO  controllers.CustomerController -- Initializing Student Controller with call init method 
22:10:13.221 [http-nio-8080-exec-1] INFO  controllers.CustomerController -- Initializing Student Controller with call init method 
22:14:44.619 [http-nio-8080-exec-1] INFO  controllers.CustomerController -- Initializing Student Controller with call init method 
12:10:24.693 [http-nio-8080-exec-1] INFO  controllers.CustomerController -- Initializing Student Controller with call init method 
12:21:02.460 [http-nio-8080-exec-6] ERROR controllers.CustomerController -- Error retrieving all customers
java.lang.ClassCastException: class java.util.ArrayList cannot be cast to class dto.CustomerDto (java.util.ArrayList is in module java.base of loader 'bootstrap'; dto.CustomerDto is in unnamed module of loader org.apache.catalina.loader.ParallelWebappClassLoader @25d94813)
	at dao.impl.CustomerDaoImpl.getAllCustomer(CustomerDaoImpl.java:109)
	at bo.CustomerBoImpl.getAllCustomers(CustomerBoImpl.java:33)
	at controllers.CustomerController.getAllCustomers(CustomerController.java:171)
	at controllers.CustomerController.doGet(CustomerController.java:156)
	at jakarta.servlet.http.HttpServlet.service(HttpServlet.java:619)
	at jakarta.servlet.http.HttpServlet.service(HttpServlet.java:716)
	at org.apache.catalina.core.ApplicationFilterChain.doFilter(ApplicationFilterChain.java:130)
	at org.apache.tomcat.websocket.server.WsFilter.doFilter(WsFilter.java:51)
	at org.apache.catalina.core.ApplicationFilterChain.doFilter(ApplicationFilterChain.java:109)
	at filter.CORSFilter.doFilter(CORSFilter.java:27)
	at jakarta.servlet.http.HttpFilter.doFilter(HttpFilter.java:53)
	at org.apache.catalina.core.ApplicationFilterChain.doFilter(ApplicationFilterChain.java:109)
	at org.apache.catalina.core.StandardWrapperValve.invoke(StandardWrapperValve.java:167)
	at org.apache.catalina.core.StandardContextValve.invoke(StandardContextValve.java:90)
	at org.apache.catalina.authenticator.AuthenticatorBase.invoke(AuthenticatorBase.java:482)
	at org.apache.catalina.core.StandardHostValve.invoke(StandardHostValve.java:115)
	at org.apache.catalina.valves.ErrorReportValve.invoke(ErrorReportValve.java:93)
	at org.apache.catalina.valves.AbstractAccessLogValve.invoke(AbstractAccessLogValve.java:663)
	at org.apache.catalina.core.StandardEngineValve.invoke(StandardEngineValve.java:74)
	at org.apache.catalina.connector.CoyoteAdapter.service(CoyoteAdapter.java:342)
	at org.apache.coyote.http11.Http11Processor.service(Http11Processor.java:387)
	at org.apache.coyote.AbstractProcessorLight.process(AbstractProcessorLight.java:63)
	at org.apache.coyote.AbstractProtocol$ConnectionHandler.process(AbstractProtocol.java:896)
	at org.apache.tomcat.util.net.NioEndpoint$SocketProcessor.doRun(NioEndpoint.java:1746)
	at org.apache.tomcat.util.net.SocketProcessorBase.run(SocketProcessorBase.java:52)
	at org.apache.tomcat.util.threads.ThreadPoolExecutor.runWorker(ThreadPoolExecutor.java:1148)
	at org.apache.tomcat.util.threads.ThreadPoolExecutor$Worker.run(ThreadPoolExecutor.java:636)
	at org.apache.tomcat.util.threads.TaskThread$WrappingRunnable.run(TaskThread.java:63)
	at java.base/java.lang.Thread.run(Thread.java:1583)
12:21:02.513 [http-nio-8080-exec-7] ERROR controllers.CustomerController -- Error retrieving all customers
java.lang.ClassCastException: class java.util.ArrayList cannot be cast to class dto.CustomerDto (java.util.ArrayList is in module java.base of loader 'bootstrap'; dto.CustomerDto is in unnamed module of loader org.apache.catalina.loader.ParallelWebappClassLoader @25d94813)
	at dao.impl.CustomerDaoImpl.getAllCustomer(CustomerDaoImpl.java:109)
	at bo.CustomerBoImpl.getAllCustomers(CustomerBoImpl.java:33)
	at controllers.CustomerController.getAllCustomers(CustomerController.java:171)
	at controllers.CustomerController.doGet(CustomerController.java:156)
	at jakarta.servlet.http.HttpServlet.service(HttpServlet.java:619)
	at jakarta.servlet.http.HttpServlet.service(HttpServlet.java:716)
	at org.apache.catalina.core.ApplicationFilterChain.doFilter(ApplicationFilterChain.java:130)
	at org.apache.tomcat.websocket.server.WsFilter.doFilter(WsFilter.java:51)
	at org.apache.catalina.core.ApplicationFilterChain.doFilter(ApplicationFilterChain.java:109)
	at filter.CORSFilter.doFilter(CORSFilter.java:27)
	at jakarta.servlet.http.HttpFilter.doFilter(HttpFilter.java:53)
	at org.apache.catalina.core.ApplicationFilterChain.doFilter(ApplicationFilterChain.java:109)
	at org.apache.catalina.core.StandardWrapperValve.invoke(StandardWrapperValve.java:167)
	at org.apache.catalina.core.StandardContextValve.invoke(StandardContextValve.java:90)
	at org.apache.catalina.authenticator.AuthenticatorBase.invoke(AuthenticatorBase.java:482)
	at org.apache.catalina.core.StandardHostValve.invoke(StandardHostValve.java:115)
	at org.apache.catalina.valves.ErrorReportValve.invoke(ErrorReportValve.java:93)
	at org.apache.catalina.valves.AbstractAccessLogValve.invoke(AbstractAccessLogValve.java:663)
	at org.apache.catalina.core.StandardEngineValve.invoke(StandardEngineValve.java:74)
	at org.apache.catalina.connector.CoyoteAdapter.service(CoyoteAdapter.java:342)
	at org.apache.coyote.http11.Http11Processor.service(Http11Processor.java:387)
	at org.apache.coyote.AbstractProcessorLight.process(AbstractProcessorLight.java:63)
	at org.apache.coyote.AbstractProtocol$ConnectionHandler.process(AbstractProtocol.java:896)
	at org.apache.tomcat.util.net.NioEndpoint$SocketProcessor.doRun(NioEndpoint.java:1746)
	at org.apache.tomcat.util.net.SocketProcessorBase.run(SocketProcessorBase.java:52)
	at org.apache.tomcat.util.threads.ThreadPoolExecutor.runWorker(ThreadPoolExecutor.java:1148)
	at org.apache.tomcat.util.threads.ThreadPoolExecutor$Worker.run(ThreadPoolExecutor.java:636)
	at org.apache.tomcat.util.threads.TaskThread$WrappingRunnable.run(TaskThread.java:63)
	at java.base/java.lang.Thread.run(Thread.java:1583)
12:28:23.705 [http-nio-8080-exec-8] ERROR controllers.CustomerController -- Error retrieving all customers
java.lang.ClassCastException: class java.util.ArrayList cannot be cast to class dto.CustomerDto (java.util.ArrayList is in module java.base of loader 'bootstrap'; dto.CustomerDto is in unnamed module of loader org.apache.catalina.loader.ParallelWebappClassLoader @25d94813)
	at dao.impl.CustomerDaoImpl.getAllCustomer(CustomerDaoImpl.java:109)
	at bo.CustomerBoImpl.getAllCustomers(CustomerBoImpl.java:33)
	at controllers.CustomerController.getAllCustomers(CustomerController.java:171)
	at controllers.CustomerController.doGet(CustomerController.java:156)
	at jakarta.servlet.http.HttpServlet.service(HttpServlet.java:619)
	at jakarta.servlet.http.HttpServlet.service(HttpServlet.java:716)
	at org.apache.catalina.core.ApplicationFilterChain.doFilter(ApplicationFilterChain.java:130)
	at org.apache.tomcat.websocket.server.WsFilter.doFilter(WsFilter.java:51)
	at org.apache.catalina.core.ApplicationFilterChain.doFilter(ApplicationFilterChain.java:109)
	at filter.CORSFilter.doFilter(CORSFilter.java:27)
	at jakarta.servlet.http.HttpFilter.doFilter(HttpFilter.java:53)
	at org.apache.catalina.core.ApplicationFilterChain.doFilter(ApplicationFilterChain.java:109)
	at org.apache.catalina.core.StandardWrapperValve.invoke(StandardWrapperValve.java:167)
	at org.apache.catalina.core.StandardContextValve.invoke(StandardContextValve.java:90)
	at org.apache.catalina.authenticator.AuthenticatorBase.invoke(AuthenticatorBase.java:482)
	at org.apache.catalina.core.StandardHostValve.invoke(StandardHostValve.java:115)
	at org.apache.catalina.valves.ErrorReportValve.invoke(ErrorReportValve.java:93)
	at org.apache.catalina.valves.AbstractAccessLogValve.invoke(AbstractAccessLogValve.java:663)
	at org.apache.catalina.core.StandardEngineValve.invoke(StandardEngineValve.java:74)
	at org.apache.catalina.connector.CoyoteAdapter.service(CoyoteAdapter.java:342)
	at org.apache.coyote.http11.Http11Processor.service(Http11Processor.java:387)
	at org.apache.coyote.AbstractProcessorLight.process(AbstractProcessorLight.java:63)
	at org.apache.coyote.AbstractProtocol$ConnectionHandler.process(AbstractProtocol.java:896)
	at org.apache.tomcat.util.net.NioEndpoint$SocketProcessor.doRun(NioEndpoint.java:1746)
	at org.apache.tomcat.util.net.SocketProcessorBase.run(SocketProcessorBase.java:52)
	at org.apache.tomcat.util.threads.ThreadPoolExecutor.runWorker(ThreadPoolExecutor.java:1148)
	at org.apache.tomcat.util.threads.ThreadPoolExecutor$Worker.run(ThreadPoolExecutor.java:636)
	at org.apache.tomcat.util.threads.TaskThread$WrappingRunnable.run(TaskThread.java:63)
	at java.base/java.lang.Thread.run(Thread.java:1583)
12:36:16.190 [http-nio-8080-exec-9] ERROR controllers.CustomerController -- Error retrieving all customers
java.lang.ClassCastException: class java.util.ArrayList cannot be cast to class dto.CustomerDto (java.util.ArrayList is in module java.base of loader 'bootstrap'; dto.CustomerDto is in unnamed module of loader org.apache.catalina.loader.ParallelWebappClassLoader @25d94813)
	at dao.impl.CustomerDaoImpl.getAllCustomer(CustomerDaoImpl.java:109)
	at bo.CustomerBoImpl.getAllCustomers(CustomerBoImpl.java:33)
	at controllers.CustomerController.getAllCustomers(CustomerController.java:171)
	at controllers.CustomerController.doGet(CustomerController.java:156)
	at jakarta.servlet.http.HttpServlet.service(HttpServlet.java:619)
	at jakarta.servlet.http.HttpServlet.service(HttpServlet.java:716)
	at org.apache.catalina.core.ApplicationFilterChain.doFilter(ApplicationFilterChain.java:130)
	at org.apache.tomcat.websocket.server.WsFilter.doFilter(WsFilter.java:51)
	at org.apache.catalina.core.ApplicationFilterChain.doFilter(ApplicationFilterChain.java:109)
	at filter.CORSFilter.doFilter(CORSFilter.java:27)
	at jakarta.servlet.http.HttpFilter.doFilter(HttpFilter.java:53)
	at org.apache.catalina.core.ApplicationFilterChain.doFilter(ApplicationFilterChain.java:109)
	at org.apache.catalina.core.StandardWrapperValve.invoke(StandardWrapperValve.java:167)
	at org.apache.catalina.core.StandardContextValve.invoke(StandardContextValve.java:90)
	at org.apache.catalina.authenticator.AuthenticatorBase.invoke(AuthenticatorBase.java:482)
	at org.apache.catalina.core.StandardHostValve.invoke(StandardHostValve.java:115)
	at org.apache.catalina.valves.ErrorReportValve.invoke(ErrorReportValve.java:93)
	at org.apache.catalina.valves.AbstractAccessLogValve.invoke(AbstractAccessLogValve.java:663)
	at org.apache.catalina.core.StandardEngineValve.invoke(StandardEngineValve.java:74)
	at org.apache.catalina.connector.CoyoteAdapter.service(CoyoteAdapter.java:342)
	at org.apache.coyote.http11.Http11Processor.service(Http11Processor.java:387)
	at org.apache.coyote.AbstractProcessorLight.process(AbstractProcessorLight.java:63)
	at org.apache.coyote.AbstractProtocol$ConnectionHandler.process(AbstractProtocol.java:896)
	at org.apache.tomcat.util.net.NioEndpoint$SocketProcessor.doRun(NioEndpoint.java:1746)
	at org.apache.tomcat.util.net.SocketProcessorBase.run(SocketProcessorBase.java:52)
	at org.apache.tomcat.util.threads.ThreadPoolExecutor.runWorker(ThreadPoolExecutor.java:1148)
	at org.apache.tomcat.util.threads.ThreadPoolExecutor$Worker.run(ThreadPoolExecutor.java:636)
	at org.apache.tomcat.util.threads.TaskThread$WrappingRunnable.run(TaskThread.java:63)
	at java.base/java.lang.Thread.run(Thread.java:1583)
12:57:31.161 [http-nio-8080-exec-1] INFO  controllers.CustomerController -- Initializing Student Controller with call init method 
16:44:27.184 [http-nio-8080-exec-1] INFO  controllers.CustomerController -- Initializing Student Controller with call init method 
16:45:15.729 [http-nio-8080-exec-4] INFO  controllers.ItemController -- Initializing Student Controller with call init method 
16:47:50.885 [http-nio-8080-exec-1] INFO  controllers.ItemController -- Initializing Student Controller with call init method 
18:06:51.864 [http-nio-8080-exec-1] INFO  controllers.ItemController -- Initializing Student Controller with call init method 
18:09:25.821 [http-nio-8080-exec-6] INFO  controllers.CustomerController -- Initializing Student Controller with call init method 
18:25:14.731 [http-nio-8080-exec-1] INFO  controllers.ItemController -- Initializing Student Controller with call init method 
19:02:34.998 [http-nio-8080-exec-1] INFO  controllers.CustomerController -- Initializing Student Controller with call init method 
19:02:43.853 [http-nio-8080-exec-2] INFO  controllers.ItemController -- Initializing Student Controller with call init method 
19:40:11.544 [http-nio-8080-exec-1] INFO  controllers.ItemController -- Initializing Student Controller with call init method 
